0 info it worked if it ends with ok
1 verbose cli [ '/usr/bin/node',
1 verbose cli   '/usr/bin/npm',
1 verbose cli   'i',
1 verbose cli   '--save-dev',
1 verbose cli   'eslint-config-google@latest' ]
2 info using npm@3.5.2
3 info using node@v8.10.0
4 silly loadCurrentTree Starting
5 silly install loadCurrentTree
6 silly install readLocalPackageData
7 silly fetchPackageMetaData eslint-config-google@latest
8 silly fetchNamedPackageData eslint-config-google
9 silly mapToRegistry name eslint-config-google
10 silly mapToRegistry using default registry
11 silly mapToRegistry registry https://registry.npmjs.org/
12 silly mapToRegistry uri https://registry.npmjs.org/eslint-config-google
13 verbose get https://registry.npmjs.org/eslint-config-google not expired, no request
14 silly install normalizeTree
15 silly loadCurrentTree Finishing
16 silly loadIdealTree Starting
17 silly install loadIdealTree
18 silly cloneCurrentTree Starting
19 silly install cloneCurrentTreeToIdealTree
20 silly cloneCurrentTree Finishing
21 silly loadShrinkwrap Starting
22 silly install loadShrinkwrap
23 silly loadShrinkwrap Finishing
24 silly loadAllDepsIntoIdealTree Starting
25 silly install loadAllDepsIntoIdealTree
26 silly resolveWithNewModule eslint-config-google@0.9.1 checking installable status
27 silly cache add args [ 'eslint-config-google@latest', null ]
28 verbose cache add spec eslint-config-google@latest
29 silly cache add parsed spec Result {
29 silly cache add   raw: 'eslint-config-google@latest',
29 silly cache add   scope: null,
29 silly cache add   name: 'eslint-config-google',
29 silly cache add   rawSpec: 'latest',
29 silly cache add   spec: 'latest',
29 silly cache add   type: 'tag' }
30 silly addNamed eslint-config-google@latest
31 verbose addNamed "latest" is being treated as a dist-tag for eslint-config-google
32 info addNameTag [ 'eslint-config-google', 'latest' ]
33 silly mapToRegistry name eslint-config-google
34 silly mapToRegistry using default registry
35 silly mapToRegistry registry https://registry.npmjs.org/
36 silly mapToRegistry uri https://registry.npmjs.org/eslint-config-google
37 verbose addNameTag registry:https://registry.npmjs.org/eslint-config-google not in flight; fetching
38 verbose get https://registry.npmjs.org/eslint-config-google not expired, no request
39 silly addNameTag next cb for eslint-config-google with tag latest
40 silly addNamed eslint-config-google@0.9.1
41 verbose addNamed "0.9.1" is a plain semver version for eslint-config-google
42 silly mapToRegistry name eslint-config-google
43 silly mapToRegistry using default registry
44 silly mapToRegistry registry https://registry.npmjs.org/
45 silly mapToRegistry uri https://registry.npmjs.org/eslint-config-google
46 verbose addRemoteTarball https://registry.npmjs.org/eslint-config-google/-/eslint-config-google-0.9.1.tgz not in flight; adding
47 verbose addRemoteTarball [ 'https://registry.npmjs.org/eslint-config-google/-/eslint-config-google-0.9.1.tgz',
47 verbose addRemoteTarball   '83353c3dba05f72bb123169a4094f4ff120391eb' ]
48 info retry fetch attempt 1 at 3:45:28 PM
49 info attempt registry request try #1 at 3:45:28 PM
50 http fetch GET https://registry.npmjs.org/eslint-config-google/-/eslint-config-google-0.9.1.tgz
51 verbose request id 6dc4dbeb384d43c7
52 http fetch 200 https://registry.npmjs.org/eslint-config-google/-/eslint-config-google-0.9.1.tgz
53 silly fetchAndShaCheck shasum 83353c3dba05f72bb123169a4094f4ff120391eb
54 verbose addTmpTarball /tmp/npm-4377-ef8b9c44/registry.npmjs.org/eslint-config-google/-/eslint-config-google-0.9.1.tgz not in flight; adding
55 verbose addTmpTarball already have metadata; skipping unpack for eslint-config-google@0.9.1
56 silly cache afterAdd eslint-config-google@0.9.1
57 verbose afterAdd /home/kea/.npm/eslint-config-google/0.9.1/package/package.json not in flight; writing
58 verbose afterAdd /home/kea/.npm/eslint-config-google/0.9.1/package/package.json written
59 silly loadAllDepsIntoIdealTree Finishing
60 silly idealTree:prePrune data-dashboard@1.0.0
60 silly idealTree:prePrune ├── assertion-error@1.1.0
60 silly idealTree:prePrune ├── chai@4.1.2
60 silly idealTree:prePrune ├── check-error@1.0.2
60 silly idealTree:prePrune ├── deep-eql@3.0.1
60 silly idealTree:prePrune ├── eslint-config-google@0.9.1
60 silly idealTree:prePrune ├── get-func-name@2.0.0
60 silly idealTree:prePrune ├── pathval@1.1.0
60 silly idealTree:prePrune └── type-detect@4.0.8
61 silly loadIdealTree Finishing
62 silly currentTree data-dashboard@1.0.0
62 silly currentTree ├── assertion-error@1.1.0
62 silly currentTree ├── chai@4.1.2
62 silly currentTree ├── check-error@1.0.2
62 silly currentTree ├── deep-eql@3.0.1
62 silly currentTree ├── get-func-name@2.0.0
62 silly currentTree ├── pathval@1.1.0
62 silly currentTree └── type-detect@4.0.8
63 silly idealTree data-dashboard@1.0.0
63 silly idealTree ├── assertion-error@1.1.0
63 silly idealTree ├── chai@4.1.2
63 silly idealTree ├── check-error@1.0.2
63 silly idealTree ├── deep-eql@3.0.1
63 silly idealTree ├── eslint-config-google@0.9.1
63 silly idealTree ├── get-func-name@2.0.0
63 silly idealTree ├── pathval@1.1.0
63 silly idealTree └── type-detect@4.0.8
64 silly generateActionsToTake Starting
65 silly install generateActionsToTake
66 warn checkPermissions Missing write access to /home/kea/keasaurito pro/Proyecto2/scl-2018-05-bc-core-pm-datadashboard/node_modules
67 silly rollbackFailedOptional Starting
68 silly rollbackFailedOptional Finishing
69 silly runTopLevelLifecycles Starting
70 silly runTopLevelLifecycles Finishing
71 silly install printInstalled
72 warn eslint-config-google@0.9.1 requires a peer of eslint@>=4.1.1 but none was installed.
73 warn data-dashboard@1.0.0 No repository field.
74 verbose stack Error: EACCES: permission denied, access '/home/kea/keasaurito pro/Proyecto2/scl-2018-05-bc-core-pm-datadashboard/node_modules'
75 verbose cwd /home/kea/keasaurito pro/Proyecto2/scl-2018-05-bc-core-pm-datadashboard
76 error Linux 4.15.0-22-generic
77 error argv "/usr/bin/node" "/usr/bin/npm" "i" "--save-dev" "eslint-config-google@latest"
78 error node v8.10.0
79 error npm  v3.5.2
80 error path /home/kea/keasaurito pro/Proyecto2/scl-2018-05-bc-core-pm-datadashboard/node_modules
81 error code EACCES
82 error errno -13
83 error syscall access
84 error Error: EACCES: permission denied, access '/home/kea/keasaurito pro/Proyecto2/scl-2018-05-bc-core-pm-datadashboard/node_modules'
84 error  { Error: EACCES: permission denied, access '/home/kea/keasaurito pro/Proyecto2/scl-2018-05-bc-core-pm-datadashboard/node_modules'
84 error   errno: -13,
84 error   code: 'EACCES',
84 error   syscall: 'access',
84 error   path: '/home/kea/keasaurito pro/Proyecto2/scl-2018-05-bc-core-pm-datadashboard/node_modules' }
85 error Please try running this command again as root/Administrator.
86 verbose exit [ -13, true ]
